<?xml version="1.0" encoding="UTF-8"?>
<testng-results skipped="0" failed="0" total="1" passed="1">
  <reporter-output>
  </reporter-output>
  <suite name="Default suite" duration-ms="151356" started-at="2017-09-01T07:02:01Z" finished-at="2017-09-01T07:04:32Z">
    <groups>
    </groups>
    <test name="Default test" duration-ms="151356" started-at="2017-09-01T07:02:01Z" finished-at="2017-09-01T07:04:32Z">
      <class name="testCases.executeTest$ExecuteTest">
        <test-method status="PASS" signature="testLogin()[pri:0, instance:testCases.executeTest$ExecuteTest@49d904ec]" name="testLogin" duration-ms="151325" started-at="2017-09-01T19:02:01Z" finished-at="2017-09-01T19:04:32Z">
          <reporter-output>
          </reporter-output>
        </test-method> <!-- testLogin -->
      </class> <!-- testCases.executeTest$ExecuteTest -->
    </test> <!-- Default test -->
  </suite> <!-- Default suite -->
</testng-results>
